=== Script started ===
starting nodes....
nodes started
inside startNodes
=== Script started ===
starting nodes....
nodes started
inside startNodes
spawned everything
start nodes done
about to start tests
Hit startTests()
args are good
query done????
Start tests finished!
Got result: [{"url":"https://atlas.cs.brown.edu/data/gutenberg/3/39/39.txt","score":-0.029879618411597902},{"url":"https://atlas.cs.brown.edu/data/gutenberg/3/4/2/3422/3422.txt","score":-0.0032012572064091505},{"url":"https://atlas.cs.brown.edu/data/gutenberg/3/4/2/3424/3424-8.txt","score":-0.001721756116293531},{"url":"https://atlas.cs.brown.edu/data/gutenberg/0/7/7-0.txt","score":-0.10616409329510026},{"url":"https://atlas.cs.brown.edu/data/gutenberg/1/15/15-0.txt","score":-0.000040116895828460674},{"url":"https://atlas.cs.brown.edu/data/gutenberg/0/9/9-0.txt","score":-0.05248836586267622},{"url":"https://atlas.cs.brown.edu/data/gutenberg/2/26/26-0.txt","score":-0.004512068582961267}]
query done????
Start tests finished!
Got result: [{"url":"https://atlas.cs.brown.edu/data/gutenberg/3/39/39.txt","score":-0.029879618411597902},{"url":"https://atlas.cs.brown.edu/data/gutenberg/3/4/2/3422/3422.txt","score":-0.0032012572064091505},{"url":"https://atlas.cs.brown.edu/data/gutenberg/3/4/2/3424/3424-8.txt","score":-0.001721756116293531},{"url":"https://atlas.cs.brown.edu/data/gutenberg/0/7/7-0.txt","score":-0.10616409329510026},{"url":"https://atlas.cs.brown.edu/data/gutenberg/1/15/15-0.txt","score":-0.000040116895828460674},{"url":"https://atlas.cs.brown.edu/data/gutenberg/0/9/9-0.txt","score":-0.05248836586267622},{"url":"https://atlas.cs.brown.edu/data/gutenberg/2/26/26-0.txt","score":-0.004512068582961267},{"url":"https://atlas.cs.brown.edu/data/gutenberg/donate-howto.txt","score":-1.1718531079126504},{"url":"https://atlas.cs.brown.edu/data/gutenberg/3/30/30-0.txt","score":-0.0004897768644467439},{"url":"https://atlas.cs.brown.edu/data/gutenberg/3/38/38.txt","score":-0.003489359220788715},{"url":"https://atlas.cs.brown.edu/data/gutenberg/3/4/341/341-0.txt","score":-0.007420007243320415},{"url":"https://atlas.cs.brown.edu/data/gutenberg/3/4/341/341.txt","score":-0.007424750843549032},{"url":"https://atlas.cs.brown.edu/data/gutenberg/0/2/2.txt","score":-0.04378031536410898},{"url":"https://atlas.cs.brown.edu/data/gutenberg/3/4/2/3424/3424-0.txt","score":-0.0019432381050157788},{"url":"https:/atlas.cs.brown.edu/data/gutenberg/donate-howto.txt","score":-0.5859265539563252}]
query done????
Start tests finished!
Got result: [{"https://atlas.cs.brown.edu/data/gutenberg/3/39/39.txt":-0.014939809205798951},{"https://atlas.cs.brown.edu/data/gutenberg/3/4/2/3422/3422.txt":-0.0016006286032045753},{"https://atlas.cs.brown.edu/data/gutenberg/3/4/2/3424/3424-8.txt":-0.0008608780581467655},{"https://atlas.cs.brown.edu/data/gutenberg/0/7/7-0.txt":-0.05308204664755013},{"https://atlas.cs.brown.edu/data/gutenberg/1/15/15-0.txt":-0.000020058447914230337},{"https://atlas.cs.brown.edu/data/gutenberg/0/9/9-0.txt":-0.02624418293133811},{"https://atlas.cs.brown.edu/data/gutenberg/2/26/26-0.txt":-0.0022560342914806335},{"https://atlas.cs.brown.edu/data/gutenberg/0/4/4.txt":-0.02556488322827161},{"https://atlas.cs.brown.edu/data/gutenberg/3/2/321/321.txt":-0.004327068243700867},{"https://atlas.cs.brown.edu/data/gutenberg/3/3/334/334.txt":-0.012521831262125437},{"https://atlas.cs.brown.edu/data/gutenberg/3/2/8/7/32879/32879.txt":-0.012504800549766205},{"https://atlas.cs.brown.edu/data/gutenberg/1/2/0/1203/1203-0.txt":-0.006720873248695615},{"https://atlas.cs.brown.edu/data/gutenberg/4/46/46-0.txt":-0.00722664013628231},{"https://atlas.cs.brown.edu/data/gutenberg/4/49/49.txt":-0.021152642262506918},{"https://atlas.cs.brown.edu/data/gutenberg/3/30/old/bible11.txt":-0.0000690655601637523},{"https://atlas.cs.brown.edu/data/gutenberg/4/2/429/429.txt":-0.002431737047849877},{"https://atlas.cs.brown.edu/data/gutenberg/5/51/51-0.txt":-0.002814863586265901},{"https://atlas.cs.brown.edu/data/gutenberg/5/5/558/558-0.txt":-0.005115259224513989},{"https:/atlas.cs.brown.edu/data/gutenberg/2/21/21-0.txt":-0.005081862162874502},{"https://atlas.cs.brown.edu/data/gutenberg/donate-howto.txt":-0.5859265539563252},{"https://atlas.cs.brown.edu/data/gutenberg/3/30/30-0.txt":-0.00024488843222337197},{"https://atlas.cs.brown.edu/data/gutenberg/3/38/38.txt":-0.0017446796103943575},{"https://atlas.cs.brown.edu/data/gutenberg/3/4/341/341-0.txt":-0.0037100036216602076},{"https://atlas.cs.brown.edu/data/gutenberg/3/4/341/341.txt":-0.003712375421774516},{"https://atlas.cs.brown.edu/data/gutenberg/0/2/2.txt":-0.02189015768205449},{"https://atlas.cs.brown.edu/data/gutenberg/3/4/2/3424/3424-0.txt":-0.0009716190525078894},{"https:/atlas.cs.brown.edu/data/gutenberg/donate-howto.txt":-0.2929632769781626}]
=== Script started ===
starting nodes....
nodes started
inside startNodes
spawned everything
start nodes done
about to start tests
Hit startTests()
args are good
query done????
Start tests finished!
Got result: []
query done????
Start tests finished!
Got result: []
query done????
Start tests finished!
Got result: []
=== Script started ===
starting nodes....
nodes started
inside startNodes
spawned everything
start nodes done
about to start tests
Hit startTests()
args are good
query done????
Start tests finished!
Got result: []
query done????
Start tests finished!
Got result: []
query done????
Start tests finished!
Got result: []
=== Script started ===
starting nodes....
nodes started
inside startNodes
spawned everything
start nodes done
about to start tests
Hit startTests()
args are good
query done????
Start tests finished!
Got result: []
query done????
Start tests finished!
Got result: []
query done????
Start tests finished!
Got result: []
=== Script started ===
starting nodes....
nodes started
inside startNodes
spawned everything
start nodes done
about to start tests
Hit startTests()
args are good
query done????
Start tests finished!
Got result: []
query done????
Start tests finished!
Got result: []
query done????
Start tests finished!
Got result: []
=== Script started ===
starting nodes....
nodes started
inside startNodes
spawned everything
start nodes done
about to start tests
Hit startTests()
args are good
query done????
Start tests finished!
Got result: []
query done????
Start tests finished!
Got result: []
query done????
Start tests finished!
Got result: []
=== Script started ===
starting nodes....
nodes started
inside startNodes
spawned everything
start nodes done
about to start tests
Hit startTests()
args are good
query done????
Start tests finished!
Got result: []
query done????
Start tests finished!
Got result: []
query done????
Start tests finished!
Got result: []
=== Script started ===
starting nodes....
nodes started
inside startNodes
spawned everything
start nodes done
about to start tests
Hit startTests()
args are good
=== Script started ===
starting nodes....
nodes started
inside startNodes
spawned everything
start nodes done
about to start tests
Hit startTests()
args are good
=== Script started ===
starting nodes....
nodes started
inside startNodes
spawned everything
start nodes done
about to start tests
Hit startTests()
args are good
=== Script started ===
starting nodes....
nodes started
inside startNodes
spawned everything
start nodes done
about to start tests
Hit startTests()
args are good
query done????
Start tests finished!
Got result: [{"https://atlas.cs.brown.edu/data/gutenberg/3/39/39.txt":-0.014939809205798951},{"https://atlas.cs.brown.edu/data/gutenberg/3/4/2/3422/3422.txt":-0.0016006286032045753},{"https://atlas.cs.brown.edu/data/gutenberg/3/4/2/3424/3424-8.txt":-0.0008608780581467655},{"https://atlas.cs.brown.edu/data/gutenberg/0/7/7-0.txt":-0.05308204664755013},{"https://atlas.cs.brown.edu/data/gutenberg/1/15/15-0.txt":-0.000020058447914230337},{"https://atlas.cs.brown.edu/data/gutenberg/0/9/9-0.txt":-0.02624418293133811},{"https://atlas.cs.brown.edu/data/gutenberg/2/26/26-0.txt":-0.0022560342914806335}]
query done????
Start tests finished!
Got result: [{"https://atlas.cs.brown.edu/data/gutenberg/3/39/39.txt":-0.014939809205798951},{"https://atlas.cs.brown.edu/data/gutenberg/3/4/2/3422/3422.txt":-0.0016006286032045753},{"https://atlas.cs.brown.edu/data/gutenberg/3/4/2/3424/3424-8.txt":-0.0008608780581467655},{"https://atlas.cs.brown.edu/data/gutenberg/0/7/7-0.txt":-0.05308204664755013},{"https://atlas.cs.brown.edu/data/gutenberg/1/15/15-0.txt":-0.000020058447914230337},{"https://atlas.cs.brown.edu/data/gutenberg/0/9/9-0.txt":-0.02624418293133811},{"https://atlas.cs.brown.edu/data/gutenberg/2/26/26-0.txt":-0.0022560342914806335},{"https://atlas.cs.brown.edu/data/gutenberg/0/4/4.txt":-0.02556488322827161},{"https://atlas.cs.brown.edu/data/gutenberg/3/2/321/321.txt":-0.004327068243700867},{"https://atlas.cs.brown.edu/data/gutenberg/3/3/334/334.txt":-0.012521831262125437},{"https://atlas.cs.brown.edu/data/gutenberg/3/2/8/7/32879/32879.txt":-0.012504800549766205},{"https://atlas.cs.brown.edu/data/gutenberg/1/2/0/1203/1203-0.txt":-0.006720873248695615},{"https://atlas.cs.brown.edu/data/gutenberg/4/46/46-0.txt":-0.00722664013628231},{"https://atlas.cs.brown.edu/data/gutenberg/4/49/49.txt":-0.021152642262506918},{"https://atlas.cs.brown.edu/data/gutenberg/3/30/old/bible11.txt":-0.0000690655601637523},{"https://atlas.cs.brown.edu/data/gutenberg/4/2/429/429.txt":-0.002431737047849877},{"https://atlas.cs.brown.edu/data/gutenberg/5/51/51-0.txt":-0.002814863586265901},{"https://atlas.cs.brown.edu/data/gutenberg/5/5/558/558-0.txt":-0.005115259224513989},{"https:/atlas.cs.brown.edu/data/gutenberg/2/21/21-0.txt":-0.005081862162874502}]
query done????
Start tests finished!
Got result: [{"https://atlas.cs.brown.edu/data/gutenberg/3/39/39.txt":-0.014939809205798951},{"https://atlas.cs.brown.edu/data/gutenberg/3/4/2/3422/3422.txt":-0.0016006286032045753},{"https://atlas.cs.brown.edu/data/gutenberg/3/4/2/3424/3424-8.txt":-0.0008608780581467655},{"https://atlas.cs.brown.edu/data/gutenberg/0/7/7-0.txt":-0.05308204664755013},{"https://atlas.cs.brown.edu/data/gutenberg/1/15/15-0.txt":-0.000020058447914230337},{"https://atlas.cs.brown.edu/data/gutenberg/0/9/9-0.txt":-0.02624418293133811},{"https://atlas.cs.brown.edu/data/gutenberg/2/26/26-0.txt":-0.0022560342914806335},{"https://atlas.cs.brown.edu/data/gutenberg/0/4/4.txt":-0.02556488322827161},{"https://atlas.cs.brown.edu/data/gutenberg/3/2/321/321.txt":-0.004327068243700867},{"https://atlas.cs.brown.edu/data/gutenberg/3/3/334/334.txt":-0.012521831262125437},{"https://atlas.cs.brown.edu/data/gutenberg/3/2/8/7/32879/32879.txt":-0.012504800549766205},{"https://atlas.cs.brown.edu/data/gutenberg/1/2/0/1203/1203-0.txt":-0.006720873248695615},{"https://atlas.cs.brown.edu/data/gutenberg/4/46/46-0.txt":-0.00722664013628231},{"https://atlas.cs.brown.edu/data/gutenberg/4/49/49.txt":-0.021152642262506918},{"https://atlas.cs.brown.edu/data/gutenberg/3/30/old/bible11.txt":-0.0000690655601637523},{"https://atlas.cs.brown.edu/data/gutenberg/4/2/429/429.txt":-0.002431737047849877},{"https://atlas.cs.brown.edu/data/gutenberg/5/51/51-0.txt":-0.002814863586265901},{"https://atlas.cs.brown.edu/data/gutenberg/5/5/558/558-0.txt":-0.005115259224513989},{"https:/atlas.cs.brown.edu/data/gutenberg/2/21/21-0.txt":-0.005081862162874502},{"https://atlas.cs.brown.edu/data/gutenberg/donate-howto.txt":-0.5859265539563252},{"https://atlas.cs.brown.edu/data/gutenberg/3/30/30-0.txt":-0.00024488843222337197},{"https://atlas.cs.brown.edu/data/gutenberg/3/38/38.txt":-0.0017446796103943575},{"https://atlas.cs.brown.edu/data/gutenberg/3/4/341/341-0.txt":-0.0037100036216602076},{"https://atlas.cs.brown.edu/data/gutenberg/3/4/341/341.txt":-0.003712375421774516},{"https://atlas.cs.brown.edu/data/gutenberg/0/2/2.txt":-0.02189015768205449},{"https://atlas.cs.brown.edu/data/gutenberg/3/4/2/3424/3424-0.txt":-0.0009716190525078894},{"https:/atlas.cs.brown.edu/data/gutenberg/donate-howto.txt":-0.2929632769781626}]
=== Script started ===
starting nodes....
nodes started
inside startNodes
spawned everything
start nodes done
about to start tests
Hit startTests()
args are good
query done????
Start tests finished!
Got result: []
query done????
Start tests finished!
Got result: []
query done????
Start tests finished!
Got result: []
=== Script started ===
starting nodes....
nodes started
inside startNodes
spawned everything
start nodes done
about to start tests
Hit startTests()
args are good
query done????
Start tests finished!
Got result: []
query done????
Start tests finished!
Got result: []
query done????
Start tests finished!
Got result: []
=== Script started ===
starting nodes....
nodes started
inside startNodes
spawned everything
start nodes done
about to start tests
Hit startTests()
args are good
error
Start tests finished!
Error: Error: [QUERY] Error in calculating n-grams: 
query done????
Start tests finished!
Got result: undefined
=== Script started ===
starting nodes....
nodes started
inside startNodes
spawned everything
start nodes done
about to start tests
Hit startTests()
args are good
error
Start tests finished!
Error: Error: [QUERY] Error in calculating n-grams: 
query done????
Start tests finished!
Got result: undefined
=== Script started ===
starting nodes....
nodes started
inside startNodes
spawned everything
start nodes done
about to start tests
Hit startTests()
args are good
query done????
Start tests finished!
Got result: []
query done????
Start tests finished!
Got result: []
query done????
Start tests finished!
Got result: []
=== Script started ===
starting nodes....
nodes started
inside startNodes
spawned everything
start nodes done
about to start tests
Hit startTests()
args are good
error
Start tests finished!
Error: Error: [QUERY] Error in calculating n-grams: 
query done????
Start tests finished!
Got result: undefined
=== Script started ===
starting nodes....
nodes started
inside startNodes
spawned everything
start nodes done
about to start tests
Hit startTests()
args are good
error
Start tests finished!
Error: Error: [QUERY] Error in calculating n-grams: 
query done????
Start tests finished!
Got result: undefined
=== Script started ===
starting nodes....
nodes started
inside startNodes
spawned everything
start nodes done
about to start tests
Hit startTests()
args are good
error
Start tests finished!
Error: Error: [QUERY] Error in calculating n-grams: 
query done????
Start tests finished!
Got result: undefined
=== Script started ===
starting nodes....
nodes started
inside startNodes
spawned everything
start nodes done
about to start tests
Hit startTests()
args are good
query done????
Start tests finished!
Got result: [{"https://atlas.cs.brown.edu/data/gutenberg/3/39/39.txt":-0.014939809205798951},{"https://atlas.cs.brown.edu/data/gutenberg/3/4/2/3422/3422.txt":-0.0016006286032045753},{"https://atlas.cs.brown.edu/data/gutenberg/3/4/2/3424/3424-8.txt":-0.0008608780581467655},{"https://atlas.cs.brown.edu/data/gutenberg/0/7/7-0.txt":-0.05308204664755013},{"https://atlas.cs.brown.edu/data/gutenberg/1/15/15-0.txt":-0.000020058447914230337},{"https://atlas.cs.brown.edu/data/gutenberg/0/9/9-0.txt":-0.02624418293133811},{"https://atlas.cs.brown.edu/data/gutenberg/2/26/26-0.txt":-0.0022560342914806335}]
query done????
Start tests finished!
Got result: [{"https://atlas.cs.brown.edu/data/gutenberg/3/39/39.txt":-0.014939809205798951},{"https://atlas.cs.brown.edu/data/gutenberg/3/4/2/3422/3422.txt":-0.0016006286032045753},{"https://atlas.cs.brown.edu/data/gutenberg/3/4/2/3424/3424-8.txt":-0.0008608780581467655},{"https://atlas.cs.brown.edu/data/gutenberg/0/7/7-0.txt":-0.05308204664755013},{"https://atlas.cs.brown.edu/data/gutenberg/1/15/15-0.txt":-0.000020058447914230337},{"https://atlas.cs.brown.edu/data/gutenberg/0/9/9-0.txt":-0.02624418293133811},{"https://atlas.cs.brown.edu/data/gutenberg/2/26/26-0.txt":-0.0022560342914806335},{"https://atlas.cs.brown.edu/data/gutenberg/donate-howto.txt":-0.5859265539563252},{"https://atlas.cs.brown.edu/data/gutenberg/3/30/30-0.txt":-0.00024488843222337197},{"https://atlas.cs.brown.edu/data/gutenberg/3/38/38.txt":-0.0017446796103943575},{"https://atlas.cs.brown.edu/data/gutenberg/3/4/341/341-0.txt":-0.0037100036216602076},{"https://atlas.cs.brown.edu/data/gutenberg/3/4/341/341.txt":-0.003712375421774516},{"https://atlas.cs.brown.edu/data/gutenberg/0/2/2.txt":-0.02189015768205449},{"https://atlas.cs.brown.edu/data/gutenberg/3/4/2/3424/3424-0.txt":-0.0009716190525078894},{"https:/atlas.cs.brown.edu/data/gutenberg/donate-howto.txt":-0.2929632769781626}]
query done????
Start tests finished!
Got result: [{"https://atlas.cs.brown.edu/data/gutenberg/3/39/39.txt":-0.014939809205798951},{"https://atlas.cs.brown.edu/data/gutenberg/3/4/2/3422/3422.txt":-0.0016006286032045753},{"https://atlas.cs.brown.edu/data/gutenberg/3/4/2/3424/3424-8.txt":-0.0008608780581467655},{"https://atlas.cs.brown.edu/data/gutenberg/0/7/7-0.txt":-0.05308204664755013},{"https://atlas.cs.brown.edu/data/gutenberg/1/15/15-0.txt":-0.000020058447914230337},{"https://atlas.cs.brown.edu/data/gutenberg/0/9/9-0.txt":-0.02624418293133811},{"https://atlas.cs.brown.edu/data/gutenberg/2/26/26-0.txt":-0.0022560342914806335},{"https://atlas.cs.brown.edu/data/gutenberg/donate-howto.txt":-0.5859265539563252},{"https://atlas.cs.brown.edu/data/gutenberg/3/30/30-0.txt":-0.00024488843222337197},{"https://atlas.cs.brown.edu/data/gutenberg/3/38/38.txt":-0.0017446796103943575},{"https://atlas.cs.brown.edu/data/gutenberg/3/4/341/341-0.txt":-0.0037100036216602076},{"https://atlas.cs.brown.edu/data/gutenberg/3/4/341/341.txt":-0.003712375421774516},{"https://atlas.cs.brown.edu/data/gutenberg/0/2/2.txt":-0.02189015768205449},{"https://atlas.cs.brown.edu/data/gutenberg/3/4/2/3424/3424-0.txt":-0.0009716190525078894},{"https:/atlas.cs.brown.edu/data/gutenberg/donate-howto.txt":-0.2929632769781626},{"https://atlas.cs.brown.edu/data/gutenberg/0/4/4.txt":-0.02556488322827161},{"https://atlas.cs.brown.edu/data/gutenberg/3/2/321/321.txt":-0.004327068243700867},{"https://atlas.cs.brown.edu/data/gutenberg/3/3/334/334.txt":-0.012521831262125437},{"https://atlas.cs.brown.edu/data/gutenberg/3/2/8/7/32879/32879.txt":-0.012504800549766205},{"https://atlas.cs.brown.edu/data/gutenberg/1/2/0/1203/1203-0.txt":-0.006720873248695615},{"https://atlas.cs.brown.edu/data/gutenberg/4/46/46-0.txt":-0.00722664013628231},{"https://atlas.cs.brown.edu/data/gutenberg/4/49/49.txt":-0.021152642262506918},{"https://atlas.cs.brown.edu/data/gutenberg/3/30/old/bible11.txt":-0.0000690655601637523},{"https://atlas.cs.brown.edu/data/gutenberg/4/2/429/429.txt":-0.002431737047849877},{"https://atlas.cs.brown.edu/data/gutenberg/5/51/51-0.txt":-0.002814863586265901},{"https://atlas.cs.brown.edu/data/gutenberg/5/5/558/558-0.txt":-0.005115259224513989},{"https:/atlas.cs.brown.edu/data/gutenberg/2/21/21-0.txt":-0.005081862162874502}]
=== Script started ===
starting nodes....
nodes started
inside startNodes
spawned everything
start nodes done
about to start tests
Hit startTests()
args are good
query done????
Start tests finished!
Got result: [{"https://atlas.cs.brown.edu/data/gutenberg/3/39/39.txt":-0.014939809205798951},{"https://atlas.cs.brown.edu/data/gutenberg/3/4/2/3422/3422.txt":-0.0016006286032045753},{"https://atlas.cs.brown.edu/data/gutenberg/3/4/2/3424/3424-8.txt":-0.0008608780581467655},{"https://atlas.cs.brown.edu/data/gutenberg/0/7/7-0.txt":-0.05308204664755013},{"https://atlas.cs.brown.edu/data/gutenberg/1/15/15-0.txt":-0.000020058447914230337},{"https://atlas.cs.brown.edu/data/gutenberg/0/9/9-0.txt":-0.02624418293133811},{"https://atlas.cs.brown.edu/data/gutenberg/2/26/26-0.txt":-0.0022560342914806335}]
query done????
Start tests finished!
Got result: [{"https://atlas.cs.brown.edu/data/gutenberg/3/39/39.txt":-0.014939809205798951},{"https://atlas.cs.brown.edu/data/gutenberg/3/4/2/3422/3422.txt":-0.0016006286032045753},{"https://atlas.cs.brown.edu/data/gutenberg/3/4/2/3424/3424-8.txt":-0.0008608780581467655},{"https://atlas.cs.brown.edu/data/gutenberg/0/7/7-0.txt":-0.05308204664755013},{"https://atlas.cs.brown.edu/data/gutenberg/1/15/15-0.txt":-0.000020058447914230337},{"https://atlas.cs.brown.edu/data/gutenberg/0/9/9-0.txt":-0.02624418293133811},{"https://atlas.cs.brown.edu/data/gutenberg/2/26/26-0.txt":-0.0022560342914806335},{"https://atlas.cs.brown.edu/data/gutenberg/0/4/4.txt":-0.02556488322827161},{"https://atlas.cs.brown.edu/data/gutenberg/3/2/321/321.txt":-0.004327068243700867},{"https://atlas.cs.brown.edu/data/gutenberg/3/3/334/334.txt":-0.012521831262125437},{"https://atlas.cs.brown.edu/data/gutenberg/3/2/8/7/32879/32879.txt":-0.012504800549766205},{"https://atlas.cs.brown.edu/data/gutenberg/1/2/0/1203/1203-0.txt":-0.006720873248695615},{"https://atlas.cs.brown.edu/data/gutenberg/4/46/46-0.txt":-0.00722664013628231},{"https://atlas.cs.brown.edu/data/gutenberg/4/49/49.txt":-0.021152642262506918},{"https://atlas.cs.brown.edu/data/gutenberg/3/30/old/bible11.txt":-0.0000690655601637523},{"https://atlas.cs.brown.edu/data/gutenberg/4/2/429/429.txt":-0.002431737047849877},{"https://atlas.cs.brown.edu/data/gutenberg/5/51/51-0.txt":-0.002814863586265901},{"https://atlas.cs.brown.edu/data/gutenberg/5/5/558/558-0.txt":-0.005115259224513989},{"https:/atlas.cs.brown.edu/data/gutenberg/2/21/21-0.txt":-0.005081862162874502}]
query done????
Start tests finished!
Got result: [{"https://atlas.cs.brown.edu/data/gutenberg/3/39/39.txt":-0.014939809205798951},{"https://atlas.cs.brown.edu/data/gutenberg/3/4/2/3422/3422.txt":-0.0016006286032045753},{"https://atlas.cs.brown.edu/data/gutenberg/3/4/2/3424/3424-8.txt":-0.0008608780581467655},{"https://atlas.cs.brown.edu/data/gutenberg/0/7/7-0.txt":-0.05308204664755013},{"https://atlas.cs.brown.edu/data/gutenberg/1/15/15-0.txt":-0.000020058447914230337},{"https://atlas.cs.brown.edu/data/gutenberg/0/9/9-0.txt":-0.02624418293133811},{"https://atlas.cs.brown.edu/data/gutenberg/2/26/26-0.txt":-0.0022560342914806335},{"https://atlas.cs.brown.edu/data/gutenberg/0/4/4.txt":-0.02556488322827161},{"https://atlas.cs.brown.edu/data/gutenberg/3/2/321/321.txt":-0.004327068243700867},{"https://atlas.cs.brown.edu/data/gutenberg/3/3/334/334.txt":-0.012521831262125437},{"https://atlas.cs.brown.edu/data/gutenberg/3/2/8/7/32879/32879.txt":-0.012504800549766205},{"https://atlas.cs.brown.edu/data/gutenberg/1/2/0/1203/1203-0.txt":-0.006720873248695615},{"https://atlas.cs.brown.edu/data/gutenberg/4/46/46-0.txt":-0.00722664013628231},{"https://atlas.cs.brown.edu/data/gutenberg/4/49/49.txt":-0.021152642262506918},{"https://atlas.cs.brown.edu/data/gutenberg/3/30/old/bible11.txt":-0.0000690655601637523},{"https://atlas.cs.brown.edu/data/gutenberg/4/2/429/429.txt":-0.002431737047849877},{"https://atlas.cs.brown.edu/data/gutenberg/5/51/51-0.txt":-0.002814863586265901},{"https://atlas.cs.brown.edu/data/gutenberg/5/5/558/558-0.txt":-0.005115259224513989},{"https:/atlas.cs.brown.edu/data/gutenberg/2/21/21-0.txt":-0.005081862162874502},{"https://atlas.cs.brown.edu/data/gutenberg/donate-howto.txt":-0.5859265539563252},{"https://atlas.cs.brown.edu/data/gutenberg/3/30/30-0.txt":-0.00024488843222337197},{"https://atlas.cs.brown.edu/data/gutenberg/3/38/38.txt":-0.0017446796103943575},{"https://atlas.cs.brown.edu/data/gutenberg/3/4/341/341-0.txt":-0.0037100036216602076},{"https://atlas.cs.brown.edu/data/gutenberg/3/4/341/341.txt":-0.003712375421774516},{"https://atlas.cs.brown.edu/data/gutenberg/0/2/2.txt":-0.02189015768205449},{"https://atlas.cs.brown.edu/data/gutenberg/3/4/2/3424/3424-0.txt":-0.0009716190525078894},{"https:/atlas.cs.brown.edu/data/gutenberg/donate-howto.txt":-0.2929632769781626}]
=== Script started ===
starting nodes....
nodes started
inside startNodes
spawned everything
start nodes done
about to start tests
Hit startTests()
args are good
Got result: [{"url":"https://atlas.cs.brown.edu/data/gutenberg/3/39/39.txt","score":-0.029879618411597902},{"url":"https://atlas.cs.brown.edu/data/gutenberg/3/4/2/3422/3422.txt","score":-0.0032012572064091505},{"url":"https://atlas.cs.brown.edu/data/gutenberg/3/4/2/3424/3424-8.txt","score":-0.001721756116293531},{"url":"https://atlas.cs.brown.edu/data/gutenberg/0/7/7-0.txt","score":-0.10616409329510026},{"url":"https://atlas.cs.brown.edu/data/gutenberg/1/15/15-0.txt","score":-0.000040116895828460674},{"url":"https://atlas.cs.brown.edu/data/gutenberg/0/9/9-0.txt","score":-0.05248836586267622},{"url":"https://atlas.cs.brown.edu/data/gutenberg/2/26/26-0.txt","score":-0.004512068582961267},{"url":"https://atlas.cs.brown.edu/data/gutenberg/donate-howto.txt","score":-1.1718531079126504},{"url":"https://atlas.cs.brown.edu/data/gutenberg/3/30/30-0.txt","score":-0.0004897768644467439},{"url":"https://atlas.cs.brown.edu/data/gutenberg/3/38/38.txt","score":-0.003489359220788715},{"url":"https://atlas.cs.brown.edu/data/gutenberg/3/4/341/341-0.txt","score":-0.007420007243320415},{"url":"https://atlas.cs.brown.edu/data/gutenberg/3/4/341/341.txt","score":-0.007424750843549032},{"url":"https://atlas.cs.brown.edu/data/gutenberg/0/2/2.txt","score":-0.04378031536410898},{"url":"https://atlas.cs.brown.edu/data/gutenberg/3/4/2/3424/3424-0.txt","score":-0.0019432381050157788},{"url":"https:/atlas.cs.brown.edu/data/gutenberg/donate-howto.txt","score":-0.5859265539563252},{"url":"https://atlas.cs.brown.edu/data/gutenberg/0/4/4.txt","score":-0.05112976645654322},{"url":"https://atlas.cs.brown.edu/data/gutenberg/3/2/321/321.txt","score":-0.008654136487401733},{"url":"https://atlas.cs.brown.edu/data/gutenberg/3/3/334/334.txt","score":-0.025043662524250873},{"url":"https://atlas.cs.brown.edu/data/gutenberg/3/2/8/7/32879/32879.txt","score":-0.02500960109953241},{"url":"https://atlas.cs.brown.edu/data/gutenberg/1/2/0/1203/1203-0.txt","score":-0.01344174649739123},{"url":"https://atlas.cs.brown.edu/data/gutenberg/4/46/46-0.txt","score":-0.01445328027256462},{"url":"https://atlas.cs.brown.edu/data/gutenberg/4/49/49.txt","score":-0.042305284525013837},{"url":"https://atlas.cs.brown.edu/data/gutenberg/3/30/old/bible11.txt","score":-0.0001381311203275046},{"url":"https://atlas.cs.brown.edu/data/gutenberg/4/2/429/429.txt","score":-0.004863474095699754},{"url":"https://atlas.cs.brown.edu/data/gutenberg/5/51/51-0.txt","score":-0.005629727172531802},{"url":"https://atlas.cs.brown.edu/data/gutenberg/5/5/558/558-0.txt","score":-0.010230518449027977},{"url":"https:/atlas.cs.brown.edu/data/gutenberg/2/21/21-0.txt","score":-0.010163724325749003}]
